<?xml version="1.0" encoding="UTF-8"?>
<!-- Generated by org.testng.reporters.JUnitXMLReporter -->
<testsuite hostname="Vrushali-PC" ignored="0" name="Command line test" tests="2" failures="0" timestamp="04 May 2018 13:37:37 GMT" time="1.507" errors="0">
  <testcase name="doLoginTest" time="0.006" classname="com.qtpselenium.zoho.project.testcases.LoginTest">
    <skipped/>
  </testcase> <!-- doLoginTest -->
  <testcase name="doLoginTest" time="0.002" classname="com.qtpselenium.zoho.project.testcases.LoginTest">
    <skipped/>
  </testcase> <!-- doLoginTest -->
</testsuite> <!-- Command line test -->
