<?xml version="1.0" encoding="UTF-8"?>
<!-- Generated by org.testng.reporters.JUnitXMLReporter -->
<testsuite hostname="Vrushali-PC" ignored="0" name="Lead Test" tests="9" failures="0" timestamp="04 May 2018 13:40:56 GMT" time="0.841" errors="0">
  <testcase name="CreateLeadTest" time="0.001" classname="com.qtpselenium.zoho.project.testcases.LeadTest">
    <skipped/>
  </testcase> <!-- CreateLeadTest -->
  <testcase name="CreateLeadTest" time="0.001" classname="com.qtpselenium.zoho.project.testcases.LeadTest">
    <skipped/>
  </testcase> <!-- CreateLeadTest -->
  <testcase name="CreateLeadTest" time="0.001" classname="com.qtpselenium.zoho.project.testcases.LeadTest">
    <skipped/>
  </testcase> <!-- CreateLeadTest -->
  <testcase name="CreateLeadTest" time="0.0" classname="com.qtpselenium.zoho.project.testcases.LeadTest">
    <skipped/>
  </testcase> <!-- CreateLeadTest -->
  <testcase name="ConvertLeadTest" time="0.002" classname="com.qtpselenium.zoho.project.testcases.LeadTest">
    <skipped/>
  </testcase> <!-- ConvertLeadTest -->
  <testcase name="ConvertLeadTest" time="0.0" classname="com.qtpselenium.zoho.project.testcases.LeadTest">
    <skipped/>
  </testcase> <!-- ConvertLeadTest -->
  <testcase name="ConvertLeadTest" time="0.001" classname="com.qtpselenium.zoho.project.testcases.LeadTest">
    <skipped/>
  </testcase> <!-- ConvertLeadTest -->
  <testcase name="ConvertLeadTest" time="0.001" classname="com.qtpselenium.zoho.project.testcases.LeadTest">
    <skipped/>
  </testcase> <!-- ConvertLeadTest -->
  <testcase name="deleteLeadAccountTest" time="0.001" classname="com.qtpselenium.zoho.project.testcases.LeadTest">
    <skipped/>
  </testcase> <!-- deleteLeadAccountTest -->
</testsuite> <!-- Lead Test -->
